gyp http GET http://nodejs.org/dist/v0.11.12/node-v0.11.12.tar.gz
gyp http 200 http://nodejs.org/dist/v0.11.12/node-v0.11.12.tar.gz
xcode-select: error: tool 'xcodebuild' requires Xcode, but active developer directory '/Library/Developer/CommandLineTools' is a command line tools instance

In file included from ../lib/kerberos.cc:1:
../lib/kerberos.h:32:48: error: unknown type name 'Arguments'; did you mean 'v8::internal::Arguments'?
  static Handle<Value> AuthGSSClientInit(const Arguments &args);
                                               ^~~~~~~~~
                                               v8::internal::Arguments
/Users/gaochenfei/.node-gyp/0.11.12/deps/v8/include/v8.h:141:7: note: 'v8::internal::Arguments' declared here
class Arguments;
      ^
In file included from ../lib/kerberos.cc:1:
../lib/kerberos.h:33:48: error: unknown type name 'Arguments'; did you mean 'v8::internal::Arguments'?
  static Handle<Value> AuthGSSClientStep(const Arguments &args);
                                               ^~~~~~~~~
                                               v8::internal::Arguments
/Users/gaochenfei/.node-gyp/0.11.12/deps/v8/include/v8.h:141:7: note: 'v8::internal::Arguments' declared here
class Arguments;
      ^
In file included from ../lib/kerberos.cc:1:
../lib/kerberos.h:34:50: error: unknown type name 'Arguments'; did you mean 'v8::internal::Arguments'?
  static Handle<Value> AuthGSSClientUnwrap(const Arguments &args);
                                                 ^~~~~~~~~
                                                 v8::internal::Arguments
/Users/gaochenfei/.node-gyp/0.11.12/deps/v8/include/v8.h:141:7: note: 'v8::internal::Arguments' declared here
class Arguments;
      ^
In file included from ../lib/kerberos.cc:1:
../lib/kerberos.h:35:48: error: unknown type name 'Arguments'; did you mean 'v8::internal::Arguments'?
  static Handle<Value> AuthGSSClientWrap(const Arguments &args);
                                               ^~~~~~~~~
                                               v8::internal::Arguments
/Users/gaochenfei/.node-gyp/0.11.12/deps/v8/include/v8.h:141:7: note: 'v8::internal::Arguments' declared here
class Arguments;
      ^
In file included from ../lib/kerberos.cc:1:
../lib/kerberos.h:36:49: error: unknown type name 'Arguments'; did you mean 'v8::internal::Arguments'?
  static Handle<Value> AuthGSSClientClean(const Arguments &args);
                                                ^~~~~~~~~
                                                v8::internal::Arguments
/Users/gaochenfei/.node-gyp/0.11.12/deps/v8/include/v8.h:141:7: note: 'v8::internal::Arguments' declared here
class Arguments;
      ^
In file included from ../lib/kerberos.cc:1:
../lib/kerberos.h:39:34: error: unknown type name 'Arguments'; did you mean 'v8::internal::Arguments'?
  static Handle<Value> New(const Arguments &args);  
                                 ^~~~~~~~~
                                 v8::internal::Arguments
/Users/gaochenfei/.node-gyp/0.11.12/deps/v8/include/v8.h:141:7: note: 'v8::internal::Arguments' declared here
class Arguments;
      ^
In file included from ../lib/kerberos.cc:1:
../lib/kerberos.h:42:23: error: unknown type name 'uv_work_t'
  static void Process(uv_work_t* work_req);
                      ^
../lib/kerberos.h:44:21: error: unknown type name 'uv_work_t'
  static void After(uv_work_t* work_req);
                    ^
In file included from ../lib/kerberos.cc:3:
../lib/worker.h:17:5: error: unknown type name 'uv_work_t'
    uv_work_t request;
    ^
In file included from ../lib/kerberos.cc:4:
../lib/kerberos_context.h:44:34: error: unknown type name 'Arguments'; did you mean 'v8::internal::Arguments'?
  static Handle<Value> New(const Arguments &args);  
                                 ^~~~~~~~~
                                 v8::internal::Arguments
/Users/gaochenfei/.node-gyp/0.11.12/deps/v8/include/v8.h:141:7: note: 'v8::internal::Arguments' declared here
class Arguments;
      ^
In file included from ../lib/kerberos.cc:4:
../lib/kerberos_context.h:46:69: error: unknown type name 'AccessorInfo'
  static Handle<Value> ResponseGetter(Local<String> property, const AccessorInfo& info);  
                                                                    ^
../lib/kerberos_context.h:28:32: error: member reference type 'Persistent<v8::FunctionTemplate>' is not a pointer; maybe you meant to use '.'?
    return constructor_template->HasInstance(obj);
           ~~~~~~~~~~~~~~~~~~~~^~
                               .
../lib/kerberos_context.h:28:34: error: no member named 'HasInstance' in 'v8::Persistent<v8::FunctionTemplate, v8::NonCopyablePersistentTraits<v8::FunctionTemplate> >'
    return constructor_template->HasInstance(obj);
           ~~~~~~~~~~~~~~~~~~~~  ^
../lib/kerberos.cc:40:15: error: calling a private constructor of class 'v8::HandleScope'
  HandleScope scope;
              ^
/Users/gaochenfei/.node-gyp/0.11.12/deps/v8/include/v8.h:768:13: note: declared private here
  V8_INLINE HandleScope() {}
            ^
../lib/kerberos.cc:49:15: error: calling a private constructor of class 'v8::HandleScope'
  HandleScope scope;
              ^
/Users/gaochenfei/.node-gyp/0.11.12/deps/v8/include/v8.h:768:13: note: declared private here
  V8_INLINE HandleScope() {}
            ^
../lib/kerberos.cc:51:53: error: cannot initialize a parameter of type 'FunctionCallback' (aka 'void (*)(const FunctionCallbackInfo<v8::Value> &)') with an lvalue of type 'Handle<v8::Value> (const v8::internal::Arguments &)': type mismatch at 1st parameter ('const FunctionCallbackInfo<v8::Value> &' vs 'const v8::internal::Arguments &')
  Local<FunctionTemplate> t = FunctionTemplate::New(Kerberos::New);
                                                    ^~~~~~~~~~~~~
/Users/gaochenfei/.node-gyp/0.11.12/deps/v8/include/v8.h:3347:24: note: passing argument to parameter 'callback' here
      FunctionCallback callback = 0,
                       ^
../lib/kerberos.cc:52:56: error: 'New' is a private member of 'v8::Persistent<v8::FunctionTemplate, v8::NonCopyablePersistentTraits<v8::FunctionTemplate> >'
  constructor_template = Persistent<FunctionTemplate>::New(t);
                                                       ^
/Users/gaochenfei/.node-gyp/0.11.12/deps/v8/include/v8.h:722:23: note: declared private here
  V8_INLINE static T* New(Isolate* isolate, T* that);
                      ^
../lib/kerberos.cc:52:26: error: too few arguments to function call, expected 2, have 1; did you mean '::Kerberos::New'?
  constructor_template = Persistent<FunctionTemplate>::New(t);
                         ^~~~~~~~~~~~~~~~~~~~~~~~~~~~~~~~~
                         ::Kerberos::New
../lib/kerberos.h:39:24: note: '::Kerberos::New' declared here
  static Handle<Value> New(const Arguments &args);  
                       ^
../lib/kerberos.cc:53:23: error: member reference type 'Persistent<v8::FunctionTemplate>' is not a pointer; maybe you meant to use '.'?
  constructor_template->InstanceTemplate()->SetInternalFieldCount(1);
  ~~~~~~~~~~~~~~~~~~~~^~
                      .
fatal error: too many errors emitted, stopping now [-ferror-limit=]
20 errors generated.
make: *** [Release/obj.target/kerberos/lib/kerberos.o] Error 1
gyp ERR! build error 
gyp ERR! stack Error: `make` failed with exit code: 2
gyp ERR! stack     at ChildProcess.onExit (/usr/local/lib/node_modules/npm/node_modules/node-gyp/lib/build.js:267:23)
gyp ERR! stack     at ChildProcess.EventEmitter.emit (events.js:107:17)
gyp ERR! stack     at Process.ChildProcess._handle.onexit (child_process.js:1045:12)
gyp ERR! System Darwin 13.3.0
gyp ERR! command "node" "/usr/local/lib/node_modules/npm/node_modules/node-gyp/bin/node-gyp.js" "rebuild"
gyp ERR! cwd /Users/gaochenfei/Develop/Projects/nodejsblog/node_modules/mongoose/node_modules/mongodb/node_modules/kerberos
gyp ERR! node -v v0.11.12
gyp ERR! node-gyp -v v0.12.2
gyp ERR! not ok 
